2015-06-01 07:25:49 认证方式  有线认证
2015-06-01 07:25:49 认证网卡  eth0
2015-06-01 07:25:49 用户名  2014012537
2015-06-01 07:25:49 寻找认证服务器...
2015-06-01 07:25:49 连接认证服务器...
2015-06-01 07:25:49 客户端提示： 服务列表完成更新
2015-06-01 07:25:50 正在进行认证...
2015-06-01 07:25:53 寻找认证服务器...
2015-06-01 07:25:53 连接认证服务器...
2015-06-01 07:25:53 正在进行认证...
2015-06-01 07:25:53 认证成功
2015-06-01 07:25:53 管理中心提示： 客户端6.01常见问题解答详见http://nic.nwsuaf.edu.cn/wlfw/yhzn/50320.htm
您当前使用的服务为internet;
账户余额为10.00元;
您的剩余流量为8 GB 338 MB 54.029312KB;
2015-06-01 12:33:20 认证方式  有线认证
2015-06-01 12:33:20 认证网卡  eth0
2015-06-01 12:33:20 用户名  2014012537
2015-06-01 12:33:20 服务  internet
2015-06-01 12:33:20 寻找认证服务器...
2015-06-01 12:33:21 2015-06-01 12:33:21 网线没有连接上，请检查网卡连接
2015-06-01 12:33:22 客户端提示： 网卡连接正常，连接速度:100.0 Mbps
2015-06-01 12:33:22 寻找认证服务器...
2015-06-01 12:33:22 连接认证服务器...
2015-06-01 12:33:23 正在进行认证...
2015-06-01 12:33:26 寻找认证服务器...
2015-06-01 12:33:26 连接认证服务器...
2015-06-01 12:33:26 正在进行认证...
2015-06-01 12:33:26 认证成功
2015-06-01 12:33:26 管理中心提示： 客户端6.01常见问题解答详见http://nic.nwsuaf.edu.cn/wlfw/yhzn/50320.htm
您当前使用的服务为internet;
账户余额为10.00元;
您的剩余流量为8 GB 327 MB 682.3352KB;
2015-06-01 13:25:48 认证方式  有线认证
2015-06-01 13:25:48 认证网卡  eth0
2015-06-01 13:25:48 用户名  2014012537
2015-06-01 13:25:48 服务  internet
2015-06-01 13:25:48 寻找认证服务器...
2015-06-01 13:25:48 连接认证服务器...
2015-06-01 13:25:48 正在进行认证...
2015-06-01 13:25:52 寻找认证服务器...
2015-06-01 13:25:52 连接认证服务器...
2015-06-01 13:25:52 正在进行认证...
2015-06-01 13:25:52 认证成功
2015-06-01 13:25:52 管理中心提示： 客户端6.01常见问题解答详见http://nic.nwsuaf.edu.cn/wlfw/yhzn/50320.htm
您当前使用的服务为internet;
账户余额为10.00元;
您的剩余流量为8 GB 326 MB 508.7447KB;
2015-06-01 14:37:01 认证方式  有线认证
2015-06-01 14:37:01 认证网卡  eth0
2015-06-01 14:37:01 用户名  2014012537
2015-06-01 14:37:01 服务  internet
2015-06-01 14:37:02 寻找认证服务器...
2015-06-01 14:37:03 2015-06-01 14:37:03 网线没有连接上，请检查网卡连接
2015-06-01 14:37:04 客户端提示： 网卡连接正常，连接速度:100.0 Mbps
2015-06-01 14:37:04 寻找认证服务器...
2015-06-01 14:37:04 连接认证服务器...
2015-06-01 14:37:04 正在进行认证...
2015-06-01 14:37:07 寻找认证服务器...
2015-06-01 14:37:07 连接认证服务器...
2015-06-01 14:37:07 正在进行认证...
2015-06-01 14:37:07 认证成功
2015-06-01 14:37:07 管理中心提示： 客户端6.01常见问题解答详见http://nic.nwsuaf.edu.cn/wlfw/yhzn/50320.htm
您当前使用的服务为internet;
账户余额为10.00元;
您的剩余流量为8 GB 321 MB 914.9409KB;
2015-06-01 14:53:14 退出客户端成功
2015-06-02 12:55:19 认证方式  有线认证
2015-06-02 12:55:19 认证网卡  eth0
2015-06-02 12:55:19 用户名  2014012537
2015-06-02 12:55:19 服务  internet
2015-06-02 12:55:20 寻找认证服务器...
2015-06-02 12:55:21 2015-06-02 12:55:21 网线没有连接上，请检查网卡连接
2015-06-02 12:55:22 客户端提示： 网卡连接正常，连接速度:100.0 Mbps
2015-06-02 12:55:22 寻找认证服务器...
2015-06-02 12:55:22 连接认证服务器...
2015-06-02 12:55:22 正在进行认证...
2015-06-02 12:55:25 寻找认证服务器...
2015-06-02 12:55:25 连接认证服务器...
2015-06-02 12:55:25 正在进行认证...
2015-06-02 12:55:25 认证成功
2015-06-02 12:55:25 管理中心提示： 客户端6.01常见问题解答详见http://nic.nwsuaf.edu.cn/wlfw/yhzn/50320.htm
您当前使用的服务为internet;
账户余额为10.00元;
您的剩余流量为8 GB 269 MB 741.46204KB;
2015-06-02 14:12:43 2015-06-02 14:12:43 网线没有连接上，请检查网卡连接
2015-06-02 14:12:43 客户端提示： 网卡连接正常，连接速度:100.0 Mbps
2015-06-02 14:12:43 寻找认证服务器...
2015-06-02 14:12:43 连接认证服务器...
2015-06-02 14:12:43 正在进行认证...
2015-06-02 14:12:48 寻找认证服务器...
2015-06-02 14:12:48 连接认证服务器...
2015-06-02 14:12:49 正在进行认证...
2015-06-02 14:12:49 认证成功
2015-06-02 14:12:49 管理中心提示： 客户端6.01常见问题解答详见http://nic.nwsuaf.edu.cn/wlfw/yhzn/50320.htm
您当前使用的服务为internet;
账户余额为10.00元;
您的剩余流量为8 GB 269 MB 553.4945KB;
2015-06-04 22:13:31 认证方式  有线认证
2015-06-04 22:13:31 认证网卡  eth0
2015-06-04 22:13:31 用户名  2014012537
2015-06-04 22:13:31 服务  internet
2015-06-04 22:13:32 寻找认证服务器...
2015-06-04 22:13:33 2015-06-04 22:13:33 网线没有连接上，请检查网卡连接
2015-06-04 22:13:34 客户端提示： 网卡连接正常，连接速度:100.0 Mbps
2015-06-04 22:13:34 寻找认证服务器...
2015-06-04 22:13:34 连接认证服务器...
2015-06-04 22:13:34 正在进行认证...
2015-06-04 22:13:37 寻找认证服务器...
2015-06-04 22:13:37 连接认证服务器...
2015-06-04 22:13:37 正在进行认证...
2015-06-04 22:13:37 认证成功
2015-06-04 22:13:37 管理中心提示： 客户端6.01常见问题解答详见http://nic.nwsuaf.edu.cn/wlfw/yhzn/50320.htm
您当前使用的服务为internet;
账户余额为10.00元;
您的剩余流量为8 GB 164 MB 367.21356KB;
2015-06-04 22:56:58 2015-06-04 22:56:58 网线没有连接上，请检查网卡连接
2015-06-04 22:56:59 客户端提示： 网卡连接正常，连接速度:100.0 Mbps
2015-06-04 22:56:59 寻找认证服务器...
2015-06-04 22:56:59 连接认证服务器...
2015-06-04 22:56:59 正在进行认证...
2015-06-04 22:57:02 寻找认证服务器...
2015-06-04 22:57:02 连接认证服务器...
2015-06-04 22:57:02 正在进行认证...
2015-06-04 22:57:02 认证成功
2015-06-04 22:57:02 管理中心提示： 客户端6.01常见问题解答详见http://nic.nwsuaf.edu.cn/wlfw/yhzn/50320.htm
您当前使用的服务为internet;
账户余额为10.00元;
您的剩余流量为8 GB 164 MB 367.21356KB;
2015-06-05 22:58:34 认证方式  有线认证
2015-06-05 22:58:34 认证网卡  eth0
2015-06-05 22:58:34 用户名  2014012537
2015-06-05 22:58:34 服务  internet
2015-06-05 22:58:35 寻找认证服务器...
2015-06-05 22:58:35 2015-06-05 22:58:35 网线没有连接上，请检查网卡连接
2015-06-05 22:58:36 客户端提示： 网卡连接正常，连接速度:100.0 Mbps
2015-06-05 22:58:37 寻找认证服务器...
2015-06-05 22:58:37 连接认证服务器...
2015-06-05 22:58:37 正在进行认证...
2015-06-05 22:58:42 寻找认证服务器...
2015-06-05 22:58:42 连接认证服务器...
2015-06-05 22:58:42 正在进行认证...
2015-06-05 22:58:42 认证成功
2015-06-05 22:58:42 管理中心提示： 客户端6.01常见问题解答详见http://nic.nwsuaf.edu.cn/wlfw/yhzn/50320.htm
您当前使用的服务为internet;
账户余额为10.00元;
您的剩余流量为8 GB 136 MB 946.07874KB;
2015-06-05 23:31:12 2015-06-05 23:31:12 网线没有连接上，请检查网卡连接
2015-06-05 23:34:04 退出客户端成功
2015-06-06 07:38:37 认证方式  有线认证
2015-06-06 07:38:37 认证网卡  eth0
2015-06-06 07:38:37 用户名  2014012537
2015-06-06 07:38:37 服务  internet
2015-06-06 07:38:38 寻找认证服务器...
2015-06-06 07:38:39 2015-06-06 07:38:39 网线没有连接上，请检查网卡连接
2015-06-06 07:38:40 客户端提示： 网卡连接正常，连接速度:100.0 Mbps
2015-06-06 07:38:40 寻找认证服务器...
2015-06-06 07:38:40 连接认证服务器...
2015-06-06 07:38:40 正在进行认证...
2015-06-06 07:38:43 寻找认证服务器...
2015-06-06 07:38:43 连接认证服务器...
2015-06-06 07:38:43 正在进行认证...
2015-06-06 07:38:43 认证成功
2015-06-06 07:38:43 管理中心提示： 客户端6.01常见问题解答详见http://nic.nwsuaf.edu.cn/wlfw/yhzn/50320.htm
您当前使用的服务为internet;
账户余额为10.00元;
您的剩余流量为7 GB 748 MB 427.093KB;
2015-06-06 08:22:38 退出客户端成功
2015-06-06 23:11:09 认证方式  有线认证
2015-06-06 23:11:09 认证网卡  eth0
2015-06-06 23:11:09 用户名  2014012537
2015-06-06 23:11:09 服务  internet
2015-06-06 23:11:10 寻找认证服务器...
2015-06-06 23:11:11 2015-06-06 23:11:11 网线没有连接上，请检查网卡连接
2015-06-06 23:11:12 连接认证服务器...
2015-06-06 23:11:12 正在进行认证...
2015-06-06 23:11:12 客户端提示： 网卡连接正常，连接速度:100.0 Mbps
2015-06-06 23:11:12 寻找认证服务器...
2015-06-06 23:11:13 连接认证服务器...
2015-06-06 23:11:13 正在进行认证...
2015-06-06 23:11:16 寻找认证服务器...
2015-06-06 23:11:16 连接认证服务器...
2015-06-06 23:11:16 正在进行认证...
2015-06-06 23:11:16 认证成功
2015-06-06 23:11:17 管理中心提示： 客户端6.01常见问题解答详见http://nic.nwsuaf.edu.cn/wlfw/yhzn/50320.htm
您当前使用的服务为internet;
账户余额为10.00元;
您的剩余流量为7 GB 708 MB 35.534847KB;
2015-06-08 07:52:31 认证方式  有线认证
2015-06-08 07:52:31 认证网卡  eth0
2015-06-08 07:52:31 用户名  2014012537
2015-06-08 07:52:31 服务  internet
2015-06-08 07:52:32 寻找认证服务器...
2015-06-08 07:52:33 2015-06-08 07:52:33 网线没有连接上，请检查网卡连接
2015-06-08 07:52:34 客户端提示： 网卡连接正常，连接速度:100.0 Mbps
2015-06-08 07:52:34 寻找认证服务器...
2015-06-08 07:52:34 连接认证服务器...
2015-06-08 07:52:34 正在进行认证...
2015-06-08 07:52:37 寻找认证服务器...
2015-06-08 07:52:37 连接认证服务器...
2015-06-08 07:52:37 正在进行认证...
2015-06-08 07:52:37 认证成功
2015-06-08 07:52:37 管理中心提示： 客户端6.01常见问题解答详见http://nic.nwsuaf.edu.cn/wlfw/yhzn/50320.htm
您当前使用的服务为internet;
账户余额为10.00元;
您的剩余流量为7 GB 677 MB 108.850174KB;
2015-06-10 18:58:02 认证方式  有线认证
2015-06-10 18:58:02 认证网卡  eth0
2015-06-10 18:58:02 用户名  2014012537
2015-06-10 18:58:02 服务  internet
2015-06-10 18:58:03 寻找认证服务器...
2015-06-10 18:58:04 2015-06-10 18:58:04 网线没有连接上，请检查网卡连接
2015-06-10 18:58:05 客户端提示： 网卡连接正常，连接速度:100.0 Mbps
2015-06-10 18:58:05 寻找认证服务器...
2015-06-10 18:58:05 连接认证服务器...
2015-06-10 18:58:05 正在进行认证...
2015-06-10 18:58:08 寻找认证服务器...
2015-06-10 18:58:08 连接认证服务器...
2015-06-10 18:58:08 正在进行认证...
2015-06-10 18:58:08 认证成功
2015-06-10 18:58:08 管理中心提示： 客户端6.01常见问题解答详见http://nic.nwsuaf.edu.cn/wlfw/yhzn/50320.htm
您当前使用的服务为internet;
账户余额为10.00元;
您的剩余流量为7 GB 543 MB 579.90247KB;
2015-06-10 19:22:35 退出客户端成功
2015-06-11 18:46:46 认证方式  有线认证
2015-06-11 18:46:46 认证网卡  eth0
2015-06-11 18:46:46 用户名  2014012537
2015-06-11 18:46:46 服务  internet
2015-06-11 18:46:47 寻找认证服务器...
2015-06-11 18:46:48 2015-06-11 18:46:48 网线没有连接上，请检查网卡连接
2015-06-11 18:46:49 客户端提示： 网卡连接正常，连接速度:100.0 Mbps
2015-06-11 18:46:49 寻找认证服务器...
2015-06-11 18:46:49 连接认证服务器...
2015-06-11 18:46:49 正在进行认证...
2015-06-11 18:46:52 寻找认证服务器...
2015-06-11 18:46:52 连接认证服务器...
2015-06-11 18:46:52 正在进行认证...
2015-06-11 18:46:52 认证成功
2015-06-11 18:46:52 管理中心提示： 客户端6.01常见问题解答详见http://nic.nwsuaf.edu.cn/wlfw/yhzn/50320.htm
您当前使用的服务为internet;
账户余额为10.00元;
您的剩余流量为7 GB 515 MB 186.32397KB;
2015-06-11 19:04:48 退出客户端成功
2015-06-12 13:16:48 认证方式  有线认证
2015-06-12 13:16:48 认证网卡  eth0
2015-06-12 13:16:48 用户名  2014012537
2015-06-12 13:16:48 服务  internet
2015-06-12 13:16:49 寻找认证服务器...
2015-06-12 13:16:50 2015-06-12 13:16:50 网线没有连接上，请检查网卡连接
2015-06-12 13:16:51 客户端提示： 网卡连接正常，连接速度:100.0 Mbps
2015-06-12 13:16:51 寻找认证服务器...
2015-06-12 13:16:51 连接认证服务器...
2015-06-12 13:16:51 正在进行认证...
2015-06-12 13:16:56 寻找认证服务器...
2015-06-12 13:16:56 连接认证服务器...
2015-06-12 13:16:56 正在进行认证...
2015-06-12 13:16:56 认证成功
2015-06-12 13:16:56 管理中心提示： 广大毕业生用户：因上网账号的余额只能通过圈存机退缴网费至校园卡，离校前请确认上网账号余额为0元后，再办理校园卡退卡手续，否则，剩余网费无法退还用户。
您当前使用的服务为internet;
账户余额为10.00元;
您的剩余流量为7 GB 448 MB 809.5416KB;
2015-06-12 13:42:57 退出客户端成功
2015-06-16 16:40:33 认证方式  有线认证
2015-06-16 16:40:33 认证网卡  eth0
2015-06-16 16:40:33 用户名  2014012537
2015-06-16 16:40:33 服务  internet
2015-06-16 16:40:34 寻找认证服务器...
2015-06-16 16:40:35 2015-06-16 16:40:35 网线没有连接上，请检查网卡连接
2015-06-16 16:40:36 客户端提示： 网卡连接正常，连接速度:100.0 Mbps
2015-06-16 16:40:36 寻找认证服务器...
2015-06-16 16:40:36 连接认证服务器...
2015-06-16 16:40:36 正在进行认证...
2015-06-16 16:40:39 寻找认证服务器...
2015-06-16 16:40:39 连接认证服务器...
2015-06-16 16:40:39 正在进行认证...
2015-06-16 16:40:39 认证成功
2015-06-16 16:40:39 管理中心提示： 广大毕业生用户：因上网账号的余额只能通过圈存机退缴网费至校园卡，离校前请确认上网账号余额为0元后，再办理校园卡退卡手续，否则，剩余网费无法退还用户。
您当前使用的服务为internet;
账户余额为10.00元;
您的剩余流量为7 GB 232 MB 141.3161KB;
2015-06-16 16:42:46 退出客户端成功
2015-06-19 14:50:05 认证方式  有线认证
2015-06-19 14:50:05 认证网卡  eth0
2015-06-19 14:50:05 用户名  2014012537
2015-06-19 14:50:05 服务  internet
2015-06-19 14:50:05 寻找认证服务器...
2015-06-19 14:50:06 2015-06-19 14:50:06 网线没有连接上，请检查网卡连接
2015-06-19 14:50:07 客户端提示： 网卡连接正常，连接速度:100.0 Mbps
2015-06-19 14:50:07 寻找认证服务器...
2015-06-19 14:50:07 连接认证服务器...
2015-06-19 14:50:08 正在进行认证...
2015-06-19 14:50:08 认证失败你使用的账号已达到同时在线用户数量上限!
2015-06-19 14:51:40 认证方式  有线认证
2015-06-19 14:51:40 认证网卡  eth0
2015-06-19 14:51:40 用户名  2014012537
2015-06-19 14:51:40 服务  internet
2015-06-19 14:51:40 寻找认证服务器...
2015-06-19 14:51:40 连接认证服务器...
2015-06-19 14:51:40 正在进行认证...
2015-06-19 14:51:43 寻找认证服务器...
2015-06-19 14:51:43 连接认证服务器...
2015-06-19 14:51:43 正在进行认证...
2015-06-19 14:51:43 认证成功
2015-06-19 14:51:43 管理中心提示： 广大毕业生用户：因上网账号的余额只能通过圈存机退缴网费至校园卡，离校前请确认上网账号余额为0元后，再办理校园卡退卡手续，否则，剩余网费无法退还用户。
您当前使用的服务为internet;
账户余额为10.00元;
您的剩余流量为6 GB 488 MB 163.85332KB;
2015-06-19 15:13:33 退出客户端成功
2015-06-20 08:02:38 认证方式  有线认证
2015-06-20 08:02:38 认证网卡  eth0
2015-06-20 08:02:38 用户名  2014012537
2015-06-20 08:02:38 服务  internet
2015-06-20 08:02:39 寻找认证服务器...
2015-06-20 08:02:40 2015-06-20 08:02:40 网线没有连接上，请检查网卡连接
2015-06-20 08:02:41 客户端提示： 网卡连接正常，连接速度:100.0 Mbps
2015-06-20 08:02:41 寻找认证服务器...
2015-06-20 08:02:41 连接认证服务器...
2015-06-20 08:02:41 正在进行认证...
2015-06-20 08:02:44 寻找认证服务器...
2015-06-20 08:02:44 连接认证服务器...
2015-06-20 08:02:44 正在进行认证...
2015-06-20 08:02:44 认证成功
2015-06-20 08:02:44 管理中心提示： 广大毕业生用户：因上网账号的余额只能通过圈存机退缴网费至校园卡，离校前请确认上网账号余额为0元后，再办理校园卡退卡手续，否则，剩余网费无法退还用户。
您当前使用的服务为internet;
账户余额为10.00元;
您的剩余流量为5 GB 793 MB 1.6896KB;
2015-06-20 08:24:24 退出客户端成功
2015-06-20 13:43:13 认证方式  有线认证
2015-06-20 13:43:13 认证网卡  eth0
2015-06-20 13:43:13 用户名  2014012537
2015-06-20 13:43:13 服务  internet
2015-06-20 13:43:15 寻找认证服务器...
2015-06-20 13:43:15 2015-06-20 13:43:15 网线没有连接上，请检查网卡连接
2015-06-20 13:43:16 客户端提示： 网卡连接正常，连接速度:100.0 Mbps
2015-06-20 13:43:17 寻找认证服务器...
2015-06-20 13:43:17 连接认证服务器...
2015-06-20 13:43:17 正在进行认证...
2015-06-20 13:43:20 寻找认证服务器...
2015-06-20 13:43:20 连接认证服务器...
2015-06-20 13:43:20 正在进行认证...
2015-06-20 13:43:20 认证成功
2015-06-20 13:43:20 管理中心提示： 广大毕业生用户：因上网账号的余额只能通过圈存机退缴网费至校园卡，离校前请确认上网账号余额为0元后，再办理校园卡退卡手续，否则，剩余网费无法退还用户。
您当前使用的服务为internet;
账户余额为10.00元;
您的剩余流量为5 GB 752 MB 788.28033KB;
2015-06-20 13:47:55 认证方式  有线认证
2015-06-20 13:47:55 认证网卡  eth0
2015-06-20 13:47:55 用户名  2014012537
2015-06-20 13:47:55 服务  internet
2015-06-20 13:47:55 寻找认证服务器...
2015-06-20 13:47:55 连接认证服务器...
2015-06-20 13:47:55 正在进行认证...
2015-06-20 13:47:58 寻找认证服务器...
2015-06-20 13:47:58 连接认证服务器...
2015-06-20 13:47:58 正在进行认证...
2015-06-20 13:47:58 认证成功
2015-06-20 13:47:58 管理中心提示： 广大毕业生用户：因上网账号的余额只能通过圈存机退缴网费至校园卡，离校前请确认上网账号余额为0元后，再办理校园卡退卡手续，否则，剩余网费无法退还用户。
您当前使用的服务为internet;
账户余额为10.00元;
您的剩余流量为5 GB 751 MB 863.77264KB;
2015-06-20 13:50:18 退出客户端成功
2015-06-21 17:12:35 认证方式  有线认证
2015-06-21 17:12:35 认证网卡  eth0
2015-06-21 17:12:35 用户名  2014012537
2015-06-21 17:12:35 服务  internet
2015-06-21 17:12:36 寻找认证服务器...
2015-06-21 17:12:37 2015-06-21 17:12:37 网线没有连接上，请检查网卡连接
2015-06-21 17:12:38 客户端提示： 网卡连接正常，连接速度:100.0 Mbps
2015-06-21 17:12:38 寻找认证服务器...
2015-06-21 17:12:38 连接认证服务器...
2015-06-21 17:12:38 正在进行认证...
2015-06-21 17:12:41 寻找认证服务器...
2015-06-21 17:12:41 连接认证服务器...
2015-06-21 17:12:41 正在进行认证...
2015-06-21 17:12:41 认证成功
2015-06-21 17:12:41 管理中心提示： 广大毕业生用户：因上网账号的余额只能通过圈存机退缴网费至校园卡，离校前请确认上网账号余额为0元后，再办理校园卡退卡手续，否则，剩余网费无法退还用户。
您当前使用的服务为internet;
账户余额为10.00元;
您的剩余流量为5 GB 511 MB 537.8007KB;
2015-06-21 17:23:24 退出客户端成功
2015-07-05 14:20:48 认证方式  有线认证
2015-07-05 14:20:48 认证网卡  eth0
2015-07-05 14:20:48 用户名  2014012537
2015-07-05 14:20:48 服务  internet
2015-07-05 14:20:49 寻找认证服务器...
2015-07-05 14:20:50 2015-07-05 14:20:50 网线没有连接上，请检查网卡连接
2015-07-05 14:20:51 客户端提示： 网卡连接正常，连接速度:100.0 Mbps
2015-07-05 14:20:51 寻找认证服务器...
2015-07-05 14:20:51 连接认证服务器...
2015-07-05 14:20:51 正在进行认证...
2015-07-05 14:20:54 寻找认证服务器...
2015-07-05 14:20:54 连接认证服务器...
2015-07-05 14:20:54 正在进行认证...
2015-07-05 14:20:54 认证成功
2015-07-05 14:20:54 管理中心提示： 工作预告：学校即将开始无线校园一期建设，计划覆盖学生宿舍区、主要教学楼、图书馆等区域，工程施工将在暑期开始，开学前正式启用。
您当前使用的服务为internet;
账户余额为3.00元;
您的剩余流量为5 GB 194 MB 663.6585KB;
2015-07-05 14:36:20 退出客户端成功
2015-07-06 16:49:31 认证方式  有线认证
2015-07-06 16:49:31 认证网卡  eth0
2015-07-06 16:49:31 用户名  2014012537
2015-07-06 16:49:31 服务  internet
2015-07-06 16:49:32 寻找认证服务器...
2015-07-06 16:49:33 2015-07-06 16:49:33 网线没有连接上，请检查网卡连接
2015-07-06 16:49:34 客户端提示： 网卡连接正常，连接速度:100.0 Mbps
2015-07-06 16:49:34 寻找认证服务器...
2015-07-06 16:49:34 连接认证服务器...
2015-07-06 16:49:34 正在进行认证...
2015-07-06 16:49:37 寻找认证服务器...
2015-07-06 16:49:37 连接认证服务器...
2015-07-06 16:49:37 正在进行认证...
2015-07-06 16:49:37 认证成功
2015-07-06 16:49:37 管理中心提示： 工作预告：学校即将开始无线校园一期建设，计划覆盖学生宿舍区、主要教学楼、图书馆等区域，工程施工将在暑期开始，开学前正式启用。
您当前使用的服务为internet;
账户余额为3.00元;
您的剩余流量为4 GB 818 MB 924.1365KB;
2015-07-06 17:02:06 退出客户端成功
2015-07-10 13:54:07 认证方式  有线认证
2015-07-10 13:54:07 认证网卡  eth0
2015-07-10 13:54:07 用户名  2014012537
2015-07-10 13:54:07 服务  internet
2015-07-10 13:54:08 寻找认证服务器...
2015-07-10 13:54:09 2015-07-10 13:54:09 网线没有连接上，请检查网卡连接
2015-07-10 13:54:10 客户端提示： 网卡连接正常，连接速度:100.0 Mbps
2015-07-10 13:54:10 寻找认证服务器...
2015-07-10 13:54:10 连接认证服务器...
2015-07-10 13:54:10 正在进行认证...
2015-07-10 13:54:13 寻找认证服务器...
2015-07-10 13:54:13 连接认证服务器...
2015-07-10 13:54:13 正在进行认证...
2015-07-10 13:54:13 认证成功
2015-07-10 13:54:13 管理中心提示： 工作预告：学校即将开始无线校园一期建设，计划覆盖学生宿舍区、主要教学楼、图书馆等区域，工程施工将在暑期开始，开学前正式启用。
您当前使用的服务为internet;
账户余额为3.00元;
您的剩余流量为3 GB 611 MB 794.3721KB;
2015-07-10 16:27:30 退出客户端成功
2015-07-14 12:30:11 认证方式  有线认证
2015-07-14 12:30:11 认证网卡  eth0
2015-07-14 12:30:11 用户名  2014012537
2015-07-14 12:30:11 服务  internet
2015-07-14 12:30:11 寻找认证服务器...
2015-07-14 12:30:12 2015-07-14 12:30:12 网线没有连接上，请检查网卡连接
2015-07-14 12:30:13 客户端提示： 网卡连接正常，连接速度:100.0 Mbps
2015-07-14 12:30:13 寻找认证服务器...
2015-07-14 12:30:13 连接认证服务器...
2015-07-14 12:30:13 正在进行认证...
2015-07-14 12:30:17 寻找认证服务器...
2015-07-14 12:30:17 连接认证服务器...
2015-07-14 12:30:17 正在进行认证...
2015-07-14 12:30:17 认证成功
2015-07-14 12:30:17 管理中心提示： 工作预告：学校即将开始无线校园一期建设，计划覆盖学生宿舍区、主要教学楼、图书馆等区域，工程施工将在暑期开始，开学前正式启用。
您当前使用的服务为internet;
账户余额为3.00元;
您的剩余流量为3 GB 179 MB 746.6475KB;
2015-07-14 20:46:58 退出客户端成功
2015-07-20 12:54:49 认证方式  有线认证
2015-07-20 12:54:49 认证网卡  eth0
2015-07-20 12:54:49 用户名  2014012537
2015-07-20 12:54:49 服务  internet
2015-07-20 12:54:50 寻找认证服务器...
2015-07-20 12:54:50 2015-07-20 12:54:50 网线没有连接上，请检查网卡连接
2015-07-20 12:54:51 客户端提示： 网卡连接正常，连接速度:100.0 Mbps
2015-07-20 12:54:52 寻找认证服务器...
2015-07-20 12:54:52 连接认证服务器...
2015-07-20 12:54:52 正在进行认证...
2015-07-20 12:54:52 认证失败密码不匹配,请输入正确的密码!
2015-07-20 12:55:29 认证方式  有线认证
2015-07-20 12:55:29 认证网卡  eth0
2015-07-20 12:55:29 用户名  2014012537
2015-07-20 12:55:29 服务  internet
2015-07-20 12:55:29 寻找认证服务器...
2015-07-20 12:55:29 连接认证服务器...
2015-07-20 12:55:29 正在进行认证...
2015-07-20 12:55:29 认证失败密码不匹配,请输入正确的密码!
2015-07-20 12:55:49 认证方式  有线认证
2015-07-20 12:55:49 认证网卡  eth0
2015-07-20 12:55:49 用户名  2014012537
2015-07-20 12:55:49 服务  internet
2015-07-20 12:55:49 寻找认证服务器...
2015-07-20 12:55:49 连接认证服务器...
2015-07-20 12:55:49 正在进行认证...
2015-07-20 12:55:52 寻找认证服务器...
2015-07-20 12:55:52 连接认证服务器...
2015-07-20 12:55:52 正在进行认证...
2015-07-20 12:55:52 认证成功
2015-07-20 12:55:52 管理中心提示： 工作预告：学校即将开始无线校园一期建设，计划覆盖学生宿舍区、主要教学楼、图书馆等区域，工程施工将在暑期开始，开学前正式启用。
您当前使用的服务为internet;
账户余额为0.00元;
您的剩余流量为4 GB 762 MB 398.8726KB;
2015-07-20 14:32:09 退出客户端成功
2015-07-26 16:57:09 认证方式  有线认证
2015-07-26 16:57:09 认证网卡  eth0
2015-07-26 16:57:09 用户名  2014012537
2015-07-26 16:57:09 服务  internet
2015-07-26 16:57:10 寻找认证服务器...
2015-07-26 16:57:11 2015-07-26 16:57:11 网线没有连接上，请检查网卡连接
2015-07-26 16:57:12 客户端提示： 网卡连接正常，连接速度:100.0 Mbps
2015-07-26 16:57:12 寻找认证服务器...
2015-07-26 16:57:12 连接认证服务器...
2015-07-26 16:57:12 正在进行认证...
2015-07-26 16:57:12 认证失败密码不匹配,请输入正确的密码!
2015-07-26 16:58:00 认证方式  有线认证
2015-07-26 16:58:00 认证网卡  eth0
2015-07-26 16:58:00 用户名  2014012537
2015-07-26 16:58:00 服务  internet
2015-07-26 16:58:00 寻找认证服务器...
2015-07-26 16:58:00 连接认证服务器...
2015-07-26 16:58:00 正在进行认证...
2015-07-26 16:58:03 寻找认证服务器...
2015-07-26 16:58:03 连接认证服务器...
2015-07-26 16:58:03 正在进行认证...
2015-07-26 16:58:03 认证成功
2015-07-26 16:58:03 管理中心提示： 工作预告：学校即将开始无线校园一期建设，计划覆盖学生宿舍区、主要教学楼、图书馆等区域，工程施工将在暑期开始，开学前正式启用。
您当前使用的服务为internet;
账户余额为0.00元;
您的剩余流量为3 GB 407 MB 336.25906KB;
2015-07-26 17:06:49 退出客户端成功
2015-07-30 14:04:45 认证方式  有线认证
2015-07-30 14:04:45 认证网卡  eth0
2015-07-30 14:04:45 用户名  2014012537
2015-07-30 14:04:45 服务  internet
2015-07-30 14:04:46 寻找认证服务器...
2015-07-30 14:04:47 2015-07-30 14:04:47 网线没有连接上，请检查网卡连接
2015-07-30 14:04:48 客户端提示： 网卡连接正常，连接速度:100.0 Mbps
2015-07-30 14:04:48 寻找认证服务器...
2015-07-30 14:04:48 连接认证服务器...
2015-07-30 14:04:48 正在进行认证...
2015-07-30 14:04:48 认证失败密码不匹配,请输入正确的密码!
2015-07-30 14:05:04 认证方式  有线认证
2015-07-30 14:05:04 认证网卡  eth0
2015-07-30 14:05:04 用户名  2014012537
2015-07-30 14:05:04 服务  internet
2015-07-30 14:05:04 寻找认证服务器...
2015-07-30 14:05:04 连接认证服务器...
2015-07-30 14:05:04 正在进行认证...
2015-07-30 14:05:07 寻找认证服务器...
2015-07-30 14:05:07 连接认证服务器...
2015-07-30 14:05:07 正在进行认证...
2015-07-30 14:05:08 认证成功
2015-07-30 14:05:08 管理中心提示： 工作预告：学校即将开始无线校园一期建设，计划覆盖学生宿舍区、主要教学楼、图书馆等区域，工程施工将在暑期开始，开学前正式启用。
您当前使用的服务为internet;
账户余额为0.00元;
您的剩余流量为2 GB 238 MB 585.386KB;
2015-07-30 14:33:45 退出客户端成功
2015-08-02 07:15:35 认证方式  有线认证
2015-08-02 07:15:35 认证网卡  eth0
2015-08-02 07:15:35 用户名  2014012537
2015-08-02 07:15:35 服务  internet
2015-08-02 07:15:35 寻找认证服务器...
2015-08-02 07:15:36 2015-08-02 07:15:36 网线没有连接上，请检查网卡连接
2015-08-02 07:15:37 客户端提示： 网卡连接正常，连接速度:100.0 Mbps
2015-08-02 07:15:37 寻找认证服务器...
2015-08-02 07:15:37 连接认证服务器...
2015-08-02 07:15:37 正在进行认证...
2015-08-02 07:15:41 寻找认证服务器...
2015-08-02 07:15:41 连接认证服务器...
2015-08-02 07:15:41 正在进行认证...
2015-08-02 07:15:41 认证成功
2015-08-02 07:15:41 管理中心提示： 工作预告：学校即将开始无线校园一期建设，计划覆盖学生宿舍区、主要教学楼、图书馆等区域，工程施工将在暑期开始，开学前正式启用。
您当前使用的服务为internet;
账户余额为0.00元;
您的剩余流量为1 GB 778 MB 741.9167KB;
2015-08-02 08:16:39 退出客户端成功
2015-08-14 08:57:23 认证方式  有线认证
2015-08-14 08:57:23 认证网卡  eth0
2015-08-14 08:57:23 用户名  2014012537
2015-08-14 08:57:23 服务  internet
2015-08-14 08:57:24 寻找认证服务器...
2015-08-14 08:57:24 2015-08-14 08:57:24 网线没有连接上，请检查网卡连接
2015-08-14 08:57:25 客户端提示： 网卡连接正常，连接速度:100.0 Mbps
2015-08-14 08:57:26 寻找认证服务器...
2015-08-14 08:57:29 寻找认证服务器...
2015-08-14 08:57:32 寻找认证服务器...
2015-08-14 08:57:34 认证失败无法连接认证服务器。
2015-08-14 08:57:43 退出客户端成功
2015-08-17 20:39:39 认证方式  有线认证
2015-08-17 20:39:39 认证网卡  eth0
2015-08-17 20:39:39 用户名  2014012537
2015-08-17 20:39:39 服务  internet
2015-08-17 20:39:40 寻找认证服务器...
2015-08-17 20:39:41 2015-08-17 20:39:41 网线没有连接上，请检查网卡连接
2015-08-17 20:39:42 客户端提示： 网卡连接正常，连接速度:100.0 Mbps
2015-08-17 20:39:42 寻找认证服务器...
2015-08-17 20:39:42 连接认证服务器...
2015-08-17 20:39:42 正在进行认证...
2015-08-17 20:39:45 寻找认证服务器...
2015-08-17 20:39:45 连接认证服务器...
2015-08-17 20:39:45 正在进行认证...
2015-08-17 20:39:45 认证成功
2015-08-17 20:39:45 管理中心提示： 工作预告：学校即将开始无线校园一期建设，计划覆盖学生宿舍区、主要教学楼、图书馆等区域，工程施工将在暑期开始，开学前正式启用。
您当前使用的服务为internet;
账户余额为0.00元;
您的剩余流量为5 GB ;
2015-08-17 23:31:59 2015-08-17 23:31:59 网线没有连接上，请检查网卡连接
2015-08-18 07:33:01 认证方式  有线认证
2015-08-18 07:33:01 认证网卡  eth0
2015-08-18 07:33:01 用户名  2014012537
2015-08-18 07:33:01 服务  internet
2015-08-18 07:33:02 寻找认证服务器...
2015-08-18 07:33:03 2015-08-18 07:33:03 网线没有连接上，请检查网卡连接
2015-08-18 07:33:04 客户端提示： 网卡连接正常，连接速度:100.0 Mbps
2015-08-18 07:33:04 寻找认证服务器...
2015-08-18 07:33:04 连接认证服务器...
2015-08-18 07:33:04 正在进行认证...
2015-08-18 07:33:07 寻找认证服务器...
2015-08-18 07:33:07 连接认证服务器...
2015-08-18 07:33:07 正在进行认证...
2015-08-18 07:33:07 认证成功
2015-08-18 07:33:07 管理中心提示： 工作预告：学校即将开始无线校园一期建设，计划覆盖学生宿舍区、主要教学楼、图书馆等区域，工程施工将在暑期开始，开学前正式启用。
您当前使用的服务为internet;
账户余额为0.00元;
您的剩余流量为4 GB 989 MB 107.97261KB;
2015-08-18 07:34:12 认证方式  有线认证
2015-08-18 07:34:12 认证网卡  eth0
2015-08-18 07:34:12 用户名  2014012537
2015-08-18 07:34:12 服务  internet
2015-08-18 07:34:13 寻找认证服务器...
2015-08-18 07:34:13 连接认证服务器...
2015-08-18 07:34:13 正在进行认证...
2015-08-18 07:34:17 连接认证服务器...
2015-08-18 07:34:19 认证失败
2015-08-18 07:34:19 连接认证服务器...
2015-08-18 07:34:26 认证失败
2015-08-18 07:34:26 连接认证服务器...
2015-08-18 07:34:26 认证失败
2015-08-18 07:34:28 寻找认证服务器...
2015-08-18 07:34:28 连接认证服务器...
2015-08-18 07:34:28 正在进行认证...
2015-08-18 07:34:35 认证失败
2015-08-18 07:34:35 连接认证服务器...
2015-08-18 07:34:42 退出客户端成功
2015-08-18 07:35:07 认证方式  有线认证
2015-08-18 07:35:07 认证网卡  eth0
2015-08-18 07:35:07 用户名  2014012537
2015-08-18 07:35:07 服务  internet
2015-08-18 07:35:07 寻找认证服务器...
2015-08-18 07:35:07 连接认证服务器...
2015-08-18 07:35:07 正在进行认证...
2015-08-18 07:35:10 寻找认证服务器...
2015-08-18 07:35:10 连接认证服务器...
2015-08-18 07:35:10 正在进行认证...
2015-08-18 07:35:10 认证成功
2015-08-18 07:35:10 管理中心提示： 工作预告：学校即将开始无线校园一期建设，计划覆盖学生宿舍区、主要教学楼、图书馆等区域，工程施工将在暑期开始，开学前正式启用。
您当前使用的服务为internet;
账户余额为0.00元;
您的剩余流量为4 GB 989 MB 107.97261KB;
2015-09-14 20:27:13 认证方式  有线认证
2015-09-14 20:27:13 认证网卡  eth0
2015-09-14 20:27:13 用户名  2014012537
2015-09-14 20:27:13 服务  internet
2015-09-14 20:27:18 寻找认证服务器...
2015-09-14 20:27:18 连接认证服务器...
2015-09-14 20:27:18 正在进行认证...
2015-09-14 20:27:24 寻找认证服务器...
2015-09-14 20:27:24 连接认证服务器...
2015-09-14 20:27:24 正在进行认证...
2015-09-14 20:27:24 认证成功
2015-09-14 20:27:24 管理中心提示： 校园网用户修改密码请登陆校园信息门户http://portal.nwsuaf.edu.cn，密码更改后锐捷客户端请使用新密码认证登录。
您当前使用的服务为internet;
账户余额为0.00元;
您的剩余流量为727 MB 404.72473KB;
2015-09-14 20:28:33 退出客户端成功
2015-09-14 21:39:31 认证方式  有线认证
2015-09-14 21:39:31 认证网卡  eth0
2015-09-14 21:39:31 用户名  2014012537
2015-09-14 21:39:31 服务  internet
2015-09-14 21:39:31 寻找认证服务器...
2015-09-14 21:39:32 2015-09-14 21:39:32 网线没有连接上，请检查网卡连接
2015-09-14 21:39:33 客户端提示： 网卡连接正常，连接速度:100.0 Mbps
2015-09-14 21:39:33 寻找认证服务器...
2015-09-14 21:39:33 连接认证服务器...
2015-09-14 21:39:33 正在进行认证...
2015-09-14 21:39:49 寻找认证服务器...
2015-09-14 21:39:49 连接认证服务器...
2015-09-14 21:39:49 正在进行认证...
2015-09-14 21:39:49 认证成功
2015-09-14 21:39:49 管理中心提示： 校园网用户修改密码请登陆校园信息门户http://portal.nwsuaf.edu.cn，密码更改后锐捷客户端请使用新密码认证登录。
您当前使用的服务为internet;
账户余额为0.00元;
您的剩余流量为727 MB 79.47264KB;
2015-09-14 22:24:45 退出客户端成功
2015-10-19 19:21:24 认证方式  有线认证
2015-10-19 19:21:24 认证网卡  eth0
2015-10-19 19:21:24 用户名  2014012537
2015-10-19 19:21:24 服务  internet
2015-10-19 19:21:25 寻找认证服务器...
2015-10-19 19:21:26 2015-10-19 19:21:26 网线没有连接上，请检查网卡连接
2015-10-19 19:21:27 客户端提示： 网卡连接正常，连接速度:100.0 Mbps
2015-10-19 19:21:27 寻找认证服务器...
2015-10-19 19:21:27 连接认证服务器...
2015-10-19 19:21:27 正在进行认证...
2015-10-19 19:21:30 寻找认证服务器...
2015-10-19 19:21:30 连接认证服务器...
2015-10-19 19:21:30 正在进行认证...
2015-10-19 19:21:30 认证成功
2015-10-19 19:21:30 管理中心提示： 就业指导中心搬迁公告：即日起，就业指导中心已搬迁至南绣山活动中心，北校区（学生处楼一楼）保留协议书盖章服务点。
您当前使用的服务为internet;
账户余额为0.00元;
您的剩余流量为4 GB 607 MB 558.8337KB;
2015-10-19 22:23:19 退出客户端成功
2015-10-24 07:37:24 认证方式  有线认证
2015-10-24 07:37:24 认证网卡  eth0
2015-10-24 07:37:24 用户名  2014012537
2015-10-24 07:37:24 服务  internet
2015-10-24 07:37:30 寻找认证服务器...
2015-10-24 07:37:30 连接认证服务器...
2015-10-24 07:37:30 正在进行认证...
2015-10-24 07:37:47 寻找认证服务器...
2015-10-24 07:37:47 连接认证服务器...
2015-10-24 07:37:47 正在进行认证...
2015-10-24 07:37:47 认证失败认证失败,请使用从校园网下载的客户端和合法IP!
2015-10-24 07:47:42 认证方式  有线认证
2015-10-24 07:47:42 认证网卡  eth0
2015-10-24 07:47:42 用户名  2014012537
2015-10-24 07:47:42 服务  internet
2015-10-24 07:47:42 寻找认证服务器...
2015-10-24 07:47:42 连接认证服务器...
2015-10-24 07:47:42 正在进行认证...
2015-10-24 07:47:42 认证失败密码不匹配,请输入正确的密码!
2015-10-24 07:48:11 认证方式  有线认证
2015-10-24 07:48:11 认证网卡  eth0
2015-10-24 07:48:11 用户名  2014012537
2015-10-24 07:48:11 服务  internet
2015-10-24 07:48:11 寻找认证服务器...
2015-10-24 07:48:11 连接认证服务器...
2015-10-24 07:48:11 正在进行认证...
2015-10-24 07:48:16 寻找认证服务器...
2015-10-24 07:48:16 连接认证服务器...
2015-10-24 07:48:16 正在进行认证...
2015-10-24 07:48:16 认证失败认证失败,请使用从校园网下载的客户端和合法IP!
2015-10-24 13:00:38 认证方式  有线认证
2015-10-24 13:00:38 认证网卡  eth0
2015-10-24 13:00:38 用户名  2014012537
2015-10-24 13:00:38 服务  internet
2015-10-24 13:00:39 寻找认证服务器...
2015-10-24 13:00:40 2015-10-24 13:00:40 网线没有连接上，请检查网卡连接
2015-10-24 13:00:41 客户端提示： 网卡连接正常，连接速度:100.0 Mbps
2015-10-24 13:00:41 寻找认证服务器...
2015-10-24 13:00:41 连接认证服务器...
2015-10-24 13:00:41 正在进行认证...
2015-10-24 13:00:44 寻找认证服务器...
2015-10-24 13:00:44 连接认证服务器...
2015-10-24 13:00:44 正在进行认证...
2015-10-24 13:00:44 认证成功
2015-10-24 13:00:44 管理中心提示： 就业指导中心搬迁公告：即日起，就业指导中心已搬迁至南绣山活动中心，北校区（学生处楼一楼）保留协议书盖章服务点。
您当前使用的服务为internet;
账户余额为0.00元;
您的剩余流量为4 GB 316 MB 497.31686KB;
2015-10-24 15:08:30 退出客户端成功
2015-10-24 16:44:00 认证方式  有线认证
2015-10-24 16:44:00 认证网卡  eth0
2015-10-24 16:44:00 用户名  2014012537
2015-10-24 16:44:00 服务  internet
2015-10-24 16:44:01 寻找认证服务器...
2015-10-24 16:44:02 2015-10-24 16:44:02 网线没有连接上，请检查网卡连接
2015-10-24 16:44:03 客户端提示： 网卡连接正常，连接速度:100.0 Mbps
2015-10-24 16:44:03 寻找认证服务器...
2015-10-24 16:44:03 连接认证服务器...
2015-10-24 16:44:03 正在进行认证...
2015-10-24 16:44:06 寻找认证服务器...
2015-10-24 16:44:06 连接认证服务器...
2015-10-24 16:44:06 正在进行认证...
2015-10-24 16:44:06 认证成功
2015-10-24 16:44:06 管理中心提示： 就业指导中心搬迁公告：即日起，就业指导中心已搬迁至南绣山活动中心，北校区（学生处楼一楼）保留协议书盖章服务点。
您当前使用的服务为internet;
账户余额为0.00元;
您的剩余流量为4 GB 308 MB 193.31071KB;
2015-10-24 17:11:31 退出客户端成功
2015-11-03 14:34:29 认证方式  有线认证
2015-11-03 14:34:29 认证网卡  eth0
2015-11-03 14:34:29 用户名  2014012537
2015-11-03 14:34:29 服务  internet
2015-11-03 14:34:35 寻找认证服务器...
2015-11-03 14:34:35 连接认证服务器...
2015-11-03 14:34:35 正在进行认证...
2015-11-03 14:34:52 寻找认证服务器...
2015-11-03 14:34:52 连接认证服务器...
2015-11-03 14:34:52 正在进行认证...
2015-11-03 14:34:52 认证失败认证失败,请使用从校园网下载的客户端和合法IP!
2015-11-03 14:35:11 认证方式  有线认证
2015-11-03 14:35:11 认证网卡  eth0
2015-11-03 14:35:11 用户名  2014012537
2015-11-03 14:35:11 服务  internet
2015-11-03 14:35:11 寻找认证服务器...
2015-11-03 14:35:11 连接认证服务器...
2015-11-03 14:35:11 正在进行认证...
2015-11-03 14:35:14 寻找认证服务器...
2015-11-03 14:35:14 连接认证服务器...
2015-11-03 14:35:14 正在进行认证...
2015-11-03 14:35:15 认证失败认证失败,请使用从校园网下载的客户端和合法IP!
2015-11-03 14:39:12 认证方式  有线认证
2015-11-03 14:39:12 认证网卡  eth0
2015-11-03 14:39:12 用户名  2014012537
2015-11-03 14:39:12 服务  internet
2015-11-03 14:39:13 寻找认证服务器...
2015-11-03 14:39:14 2015-11-03 14:39:14 网线没有连接上，请检查网卡连接
2015-11-03 14:39:15 客户端提示： 网卡连接正常，连接速度:100.0 Mbps
2015-11-03 14:39:15 寻找认证服务器...
2015-11-03 14:39:15 连接认证服务器...
2015-11-03 14:39:15 正在进行认证...
2015-11-03 14:39:18 寻找认证服务器...
2015-11-03 14:39:18 连接认证服务器...
2015-11-03 14:39:18 正在进行认证...
2015-11-03 14:39:18 认证成功
2015-11-03 14:39:18 管理中心提示： 就业指导中心搬迁公告：即日起，就业指导中心已搬迁至南绣山活动中心，北校区（学生处楼一楼）保留协议书盖章服务点。
您当前使用的服务为internet;
账户余额为0.00元;
您的剩余流量为3 GB 578 MB 296.43674KB;
2015-11-03 14:43:04 退出客户端成功
2015-12-14 09:26:17 认证方式  有线认证
2015-12-14 09:26:17 认证网卡  eth0
2015-12-14 09:26:17 用户名  2014012537
2015-12-14 09:26:17 服务  internet
2015-12-14 09:26:22 寻找认证服务器...
2015-12-14 09:26:22 连接认证服务器...
2015-12-14 09:26:22 正在进行认证...
2015-12-14 09:26:22 认证失败您的账户已欠费，为了不影响您正常使用网络，请尽快缴费!
2015-12-14 16:26:29 认证方式  有线认证
2015-12-14 16:26:29 认证网卡  eth0
2015-12-14 16:26:29 用户名  2014012537
2015-12-14 16:26:29 服务  internet
2015-12-14 16:26:30 寻找认证服务器...
2015-12-14 16:26:30 2015-12-14 16:26:30 网线没有连接上，请检查网卡连接
2015-12-14 16:26:31 客户端提示： 网卡连接正常，连接速度:100.0 Mbps
2015-12-14 16:26:32 寻找认证服务器...
2015-12-14 16:26:32 连接认证服务器...
2015-12-14 16:26:32 正在进行认证...
2015-12-14 16:26:32 认证失败您的账户已欠费，为了不影响您正常使用网络，请尽快缴费!
2015-12-14 16:47:16 认证方式  有线认证
2015-12-14 16:47:16 认证网卡  eth0
2015-12-14 16:47:16 用户名  2014012540
2015-12-14 16:47:16 服务  internet
2015-12-14 16:47:16 寻找认证服务器...
2015-12-14 16:47:16 连接认证服务器...
2015-12-14 16:47:16 正在进行认证...
2015-12-14 16:47:16 认证失败你使用的账号已达到同时在线用户数量上限!
2015-12-14 16:48:59 认证方式  有线认证
2015-12-14 16:48:59 认证网卡  eth0
2015-12-14 16:48:59 用户名  2014012540
2015-12-14 16:48:59 服务  internet
2015-12-14 16:48:59 寻找认证服务器...
2015-12-14 16:48:59 连接认证服务器...
2015-12-14 16:49:00 正在进行认证...
2015-12-14 16:49:05 寻找认证服务器...
2015-12-14 16:49:05 连接认证服务器...
2015-12-14 16:49:05 正在进行认证...
2015-12-14 16:49:05 认证成功
2015-12-14 16:49:05 管理中心提示： 校园网出口带宽扩容工作已经圆满完成，详见http://news.nwsuaf.edu.cn/xnxw/60451.htm
您当前使用的服务为internet;
账户余额为0.49元;
您的剩余流量为 30 GB 0 MB 33371.67 KB ;
2015-12-14 17:29:43 退出客户端成功
2015-12-15 22:35:58 认证方式  有线认证
2015-12-15 22:35:58 认证网卡  eth0
2015-12-15 22:35:58 用户名  2014012540
2015-12-15 22:35:58 服务  internet
2015-12-15 22:35:59 寻找认证服务器...
2015-12-15 22:36:00 2015-12-15 22:36:00 网线没有连接上，请检查网卡连接
2015-12-15 22:36:01 客户端提示： 网卡连接正常，连接速度:100.0 Mbps
2015-12-15 22:36:01 寻找认证服务器...
2015-12-15 22:36:01 连接认证服务器...
2015-12-15 22:36:01 正在进行认证...
2015-12-15 22:36:06 寻找认证服务器...
2015-12-15 22:36:06 连接认证服务器...
2015-12-15 22:36:06 正在进行认证...
2015-12-15 22:36:06 认证成功
2015-12-15 22:36:06 管理中心提示： 校园网出口带宽扩容工作已经圆满完成，详见http://news.nwsuaf.edu.cn/xnxw/60451.htm
您当前使用的服务为internet;
账户余额为0.49元;
您的剩余流量为 28 GB 0 MB 599674.39 KB ;
2015-12-15 23:02:28 2015-12-15 23:02:28 网线没有连接上，请检查网卡连接
2015-12-16 07:26:26 认证方式  有线认证
2015-12-16 07:26:26 认证网卡  eth0
2015-12-16 07:26:26 用户名  2014012540
2015-12-16 07:26:26 服务  1
2015-12-16 07:26:27 寻找认证服务器...
2015-12-16 07:26:28 2015-12-16 07:26:28 网线没有连接上，请检查网卡连接
2015-12-16 07:26:29 客户端提示： 网卡连接正常，连接速度:100.0 Mbps
2015-12-16 07:26:29 寻找认证服务器...
2015-12-16 07:26:29 连接认证服务器...
2015-12-16 07:26:29 正在进行认证...
2015-12-16 07:26:29 认证失败用户不允许使用本服务!
2015-12-16 07:26:39 认证方式  有线认证
2015-12-16 07:26:39 认证网卡  eth0
2015-12-16 07:26:39 用户名  2014012540
2015-12-16 07:26:39 服务  1
2015-12-16 07:26:39 寻找认证服务器...
2015-12-16 07:26:39 连接认证服务器...
2015-12-16 07:26:39 认证失败
2015-12-16 07:26:40 寻找认证服务器...
2015-12-16 07:26:40 连接认证服务器...
2015-12-16 07:26:40 正在进行认证...
2015-12-16 07:26:40 认证失败用户不允许使用本服务!
2015-12-16 07:26:45 认证方式  有线认证
2015-12-16 07:26:45 认证网卡  eth0
2015-12-16 07:26:45 用户名  2014012540
2015-12-16 07:26:45 服务  1
2015-12-16 07:26:45 寻找认证服务器...
2015-12-16 07:26:48 寻找认证服务器...
2015-12-16 07:26:50 连接认证服务器...
2015-12-16 07:26:50 认证失败
2015-12-16 07:26:51 连接认证服务器...
2015-12-16 07:26:51 正在进行认证...
2015-12-16 07:26:51 认证失败用户不允许使用本服务!
2015-12-16 07:27:24 认证方式  有线认证
2015-12-16 07:27:24 认证网卡  eth0
2015-12-16 07:27:24 用户名  2014012540
2015-12-16 07:27:24 服务  1
2015-12-16 07:27:24 寻找认证服务器...
2015-12-16 07:27:24 连接认证服务器...
2015-12-16 07:27:24 正在进行认证...
2015-12-16 07:27:24 认证失败用户不允许使用本服务!
2015-12-17 22:45:52 认证方式  有线认证
2015-12-17 22:45:52 认证网卡  eth0
2015-12-17 22:45:52 用户名  2014012540
2015-12-17 22:45:52 服务  1
2015-12-17 22:45:53 寻找认证服务器...
2015-12-17 22:45:53 2015-12-17 22:45:53 网线没有连接上，请检查网卡连接
2015-12-17 22:45:54 客户端提示： 网卡连接正常，连接速度:100.0 Mbps
2015-12-17 22:45:55 寻找认证服务器...
2015-12-17 22:45:55 连接认证服务器...
2015-12-17 22:45:55 正在进行认证...
2015-12-17 22:45:55 认证失败密码不匹配,请输入正确的密码!
2015-12-17 22:46:43 认证方式  有线认证
2015-12-17 22:46:43 认证网卡  eth0
2015-12-17 22:46:43 用户名  2014012540
2015-12-17 22:46:43 服务  1
2015-12-17 22:46:43 寻找认证服务器...
2015-12-17 22:46:43 连接认证服务器...
2015-12-17 22:46:44 正在进行认证...
2015-12-17 22:46:44 认证失败密码不匹配,请输入正确的密码!
2015-12-17 22:46:57 认证方式  有线认证
2015-12-17 22:46:57 认证网卡  eth0
2015-12-17 22:46:57 用户名  2014012540
2015-12-17 22:46:57 服务  1
2015-12-17 22:46:57 寻找认证服务器...
2015-12-17 22:46:57 连接认证服务器...
2015-12-17 22:46:57 正在进行认证...
2015-12-17 22:46:57 认证失败用户不允许使用本服务!
2015-12-17 22:47:25 认证方式  有线认证
2015-12-17 22:47:25 认证网卡  eth0
2015-12-17 22:47:25 用户名  2014012540
2015-12-17 22:47:25 服务  1
2015-12-17 22:47:25 寻找认证服务器...
2015-12-17 22:47:25 连接认证服务器...
2015-12-17 22:47:25 正在进行认证...
2015-12-17 22:47:25 认证失败密码不匹配,请输入正确的密码!
2015-12-17 22:48:14 认证方式  有线认证
2015-12-17 22:48:14 认证网卡  eth0
2015-12-17 22:48:14 用户名  2014012540
2015-12-17 22:48:14 服务  1
2015-12-17 22:48:14 寻找认证服务器...
2015-12-17 22:48:14 连接认证服务器...
2015-12-17 22:48:14 正在进行认证...
2015-12-17 22:48:14 认证失败用户不允许使用本服务!
2015-12-18 11:50:52 认证方式  有线认证
2015-12-18 11:50:52 认证网卡  eth0
2015-12-18 11:50:52 用户名  2014012540
2015-12-18 11:50:52 服务  1
2015-12-18 11:50:53 寻找认证服务器...
2015-12-18 11:50:54 2015-12-18 11:50:54 网线没有连接上，请检查网卡连接
2015-12-18 11:50:55 客户端提示： 网卡连接正常，连接速度:100.0 Mbps
2015-12-18 11:50:55 寻找认证服务器...
2015-12-18 11:50:55 连接认证服务器...
2015-12-18 11:50:55 正在进行认证...
2015-12-18 11:50:55 认证失败用户不允许使用本服务!
2015-12-27 18:38:44 认证方式  有线认证
2015-12-27 18:38:44 认证网卡  eth0
2015-12-27 18:38:44 用户名  2014012540
2015-12-27 18:38:44 服务  1
2015-12-27 18:38:49 寻找认证服务器...
2015-12-27 18:38:49 连接认证服务器...
2015-12-27 18:38:49 正在进行认证...
2015-12-27 18:38:49 认证失败用户不允许使用本服务!
